<?xml version="1.0" encoding="UTF-8"?>
<!-- Generated by org.testng.reporters.JUnitReportReporter -->
<testsuite skipped="0" hostname="i73820" name="automation.WalmartMobilePhonesTest" tests="1" failures="0" timestamp="26 Sep 2019 23:29:21 GMT" time="309.792" errors="0">
  <testcase name="walmartMobilePhonesTest" time="309.792" classname="automation.WalmartMobilePhonesTest"/>
</testsuite> <!-- automation.WalmartMobilePhonesTest -->
