<?xml version="1.0" encoding="UTF-8"?>
<!-- Generated by org.testng.reporters.JUnitReportReporter -->
<testsuite skipped="0" hostname="i73820" name="automation.WalmartMobilePhonesTest" tests="1" failures="0" timestamp="27 Sep 2019 00:09:27 GMT" time="604.242" errors="0">
  <testcase name="walmartMobilePhonesTest" time="604.242" classname="automation.WalmartMobilePhonesTest"/>
</testsuite> <!-- automation.WalmartMobilePhonesTest -->
